<?xml version="1.0" encoding="UTF-8"?>
<!-- Generated by org.testng.reporters.JUnitXMLReporter -->
<testsuite hostname="leomahesh-PC" name="EncorDashboard.TestScripts" tests="11" failures="0" timestamp="12 Mar 2019 12:46:42 GMT" time="0.583" errors="0">
  <testcase name="@BeforeMethod setUp" time="0.0" classname="EncorDashboard.TestScripts.AddDashboard">
    <failure type="java.lang.IllegalStateException" message="The driver executable does not exist: C:\Users\Savan\git\EncorD-Dashboard\Library\chromedriver.exe">
      <![CDATA[java.lang.IllegalStateException: The driver executable does not exist: C:\Users\Savan\git\EncorD-Dashboard\Library\chromedriver.exe
	at com.google.common.base.Preconditions.checkState(Preconditions.java:176)
	at org.openqa.selenium.remote.service.DriverService.checkExecutable(DriverService.java:117)
	at org.openqa.selenium.remote.service.DriverService.findExecutable(DriverService.java:112)
	at org.openqa.selenium.chrome.ChromeDriverService.createDefaultService(ChromeDriverService.java:75)
	at org.openqa.selenium.chrome.ChromeDriver.<init>(ChromeDriver.java:107)
	at EncorDashboard.GlobalLibrary.GlobalFunction.BrowsersSettings(GlobalFunction.java:37)
	at EncorDashboard.TestScripts.AddDashboard.setUp(AddDashboard.java:33)
... Removed 26 stack frames]]>
    </failure>
  </testcase> <!-- @BeforeMethod setUp -->
  <testcase name="@AfterMethod tearDown" time="0.0" classname="EncorDashboard.TestScripts.AddDashboard">
    <skipped/>
  </testcase> <!-- @AfterMethod tearDown -->
  <testcase name="@BeforeMethod setUp" time="0.0" classname="EncorDashboard.TestScripts.AddDashboard">
    <skipped/>
  </testcase> <!-- @BeforeMethod setUp -->
  <testcase name="@AfterMethod tearDown" time="0.0" classname="EncorDashboard.TestScripts.AddDashboard">
    <skipped/>
  </testcase> <!-- @AfterMethod tearDown -->
  <testcase name="@BeforeMethod setUp" time="0.0" classname="EncorDashboard.TestScripts.AddDashboard">
    <skipped/>
  </testcase> <!-- @BeforeMethod setUp -->
  <testcase name="@AfterMethod tearDown" time="0.0" classname="EncorDashboard.TestScripts.AddDashboard">
    <skipped/>
  </testcase> <!-- @AfterMethod tearDown -->
  <testcase name="@BeforeMethod setUp" time="0.0" classname="EncorDashboard.TestScripts.AddDashboard">
    <skipped/>
  </testcase> <!-- @BeforeMethod setUp -->
  <testcase name="@AfterMethod tearDown" time="0.0" classname="EncorDashboard.TestScripts.AddDashboard">
    <skipped/>
  </testcase> <!-- @AfterMethod tearDown -->
  <testcase name="@BeforeMethod setUp" time="0.0" classname="EncorDashboard.TestScripts.AddDashboard">
    <skipped/>
  </testcase> <!-- @BeforeMethod setUp -->
  <testcase name="@AfterMethod tearDown" time="0.0" classname="EncorDashboard.TestScripts.AddDashboard">
    <skipped/>
  </testcase> <!-- @AfterMethod tearDown -->
  <testcase name="@BeforeMethod setUp" time="0.0" classname="EncorDashboard.TestScripts.ChangeDashboard">
    <failure type="java.lang.IllegalStateException" message="The driver executable does not exist: C:\Users\Savan\git\EncorD-Dashboard\Library\chromedriver.exe">
      <![CDATA[java.lang.IllegalStateException: The driver executable does not exist: C:\Users\Savan\git\EncorD-Dashboard\Library\chromedriver.exe
	at com.google.common.base.Preconditions.checkState(Preconditions.java:176)
	at org.openqa.selenium.remote.service.DriverService.checkExecutable(DriverService.java:117)
	at org.openqa.selenium.remote.service.DriverService.findExecutable(DriverService.java:112)
	at org.openqa.selenium.chrome.ChromeDriverService.createDefaultService(ChromeDriverService.java:75)
	at org.openqa.selenium.chrome.ChromeDriver.<init>(ChromeDriver.java:107)
	at EncorDashboard.GlobalLibrary.GlobalFunction.BrowsersSettings(GlobalFunction.java:37)
	at EncorDashboard.TestScripts.ChangeDashboard.setUp(ChangeDashboard.java:26)
... Removed 26 stack frames]]>
    </failure>
  </testcase> <!-- @BeforeMethod setUp -->
  <testcase name="@AfterMethod tearDown" time="0.0" classname="EncorDashboard.TestScripts.ChangeDashboard">
    <skipped/>
  </testcase> <!-- @AfterMethod tearDown -->
  <testcase name="@BeforeMethod setUp" time="0.0" classname="EncorDashboard.TestScripts.SaveCurrentView">
    <failure type="java.lang.IllegalStateException" message="The driver executable does not exist: C:\Users\Savan\git\EncorD-Dashboard\Library\chromedriver.exe">
      <![CDATA[java.lang.IllegalStateException: The driver executable does not exist: C:\Users\Savan\git\EncorD-Dashboard\Library\chromedriver.exe
	at com.google.common.base.Preconditions.checkState(Preconditions.java:176)
	at org.openqa.selenium.remote.service.DriverService.checkExecutable(DriverService.java:117)
	at org.openqa.selenium.remote.service.DriverService.findExecutable(DriverService.java:112)
	at org.openqa.selenium.chrome.ChromeDriverService.createDefaultService(ChromeDriverService.java:75)
	at org.openqa.selenium.chrome.ChromeDriver.<init>(ChromeDriver.java:107)
	at EncorDashboard.GlobalLibrary.GlobalFunction.BrowsersSettings(GlobalFunction.java:37)
	at EncorDashboard.TestScripts.SaveCurrentView.setUp(SaveCurrentView.java:24)
... Removed 26 stack frames]]>
    </failure>
  </testcase> <!-- @BeforeMethod setUp -->
  <testcase name="@AfterMethod tearDown" time="0.0" classname="EncorDashboard.TestScripts.SaveCurrentView">
    <skipped/>
  </testcase> <!-- @AfterMethod tearDown -->
  <testcase name="@BeforeMethod setUp" time="0.0" classname="EncorDashboard.TestScripts.SetResetDashboard">
    <failure type="java.lang.IllegalStateException" message="The driver executable does not exist: C:\Users\Savan\git\EncorD-Dashboard\Library\chromedriver.exe">
      <![CDATA[java.lang.IllegalStateException: The driver executable does not exist: C:\Users\Savan\git\EncorD-Dashboard\Library\chromedriver.exe
	at com.google.common.base.Preconditions.checkState(Preconditions.java:176)
	at org.openqa.selenium.remote.service.DriverService.checkExecutable(DriverService.java:117)
	at org.openqa.selenium.remote.service.DriverService.findExecutable(DriverService.java:112)
	at org.openqa.selenium.chrome.ChromeDriverService.createDefaultService(ChromeDriverService.java:75)
	at org.openqa.selenium.chrome.ChromeDriver.<init>(ChromeDriver.java:107)
	at EncorDashboard.GlobalLibrary.GlobalFunction.BrowsersSettings(GlobalFunction.java:37)
	at EncorDashboard.TestScripts.SetResetDashboard.setUp(SetResetDashboard.java:24)
... Removed 26 stack frames]]>
    </failure>
  </testcase> <!-- @BeforeMethod setUp -->
  <testcase name="@AfterMethod tearDown" time="0.0" classname="EncorDashboard.TestScripts.SetResetDashboard">
    <skipped/>
  </testcase> <!-- @AfterMethod tearDown -->
  <testcase name="@BeforeMethod setUp" time="0.0" classname="EncorDashboard.TestScripts.UserAdministration">
    <failure type="java.lang.IllegalStateException" message="The driver executable does not exist: C:\Users\Savan\git\EncorD-Dashboard\Library\chromedriver.exe">
      <![CDATA[java.lang.IllegalStateException: The driver executable does not exist: C:\Users\Savan\git\EncorD-Dashboard\Library\chromedriver.exe
	at com.google.common.base.Preconditions.checkState(Preconditions.java:176)
	at org.openqa.selenium.remote.service.DriverService.checkExecutable(DriverService.java:117)
	at org.openqa.selenium.remote.service.DriverService.findExecutable(DriverService.java:112)
	at org.openqa.selenium.chrome.ChromeDriverService.createDefaultService(ChromeDriverService.java:75)
	at org.openqa.selenium.chrome.ChromeDriver.<init>(ChromeDriver.java:107)
	at EncorDashboard.GlobalLibrary.GlobalFunction.BrowsersSettings(GlobalFunction.java:37)
	at EncorDashboard.TestScripts.UserAdministration.setUp(UserAdministration.java:25)
... Removed 26 stack frames]]>
    </failure>
  </testcase> <!-- @BeforeMethod setUp -->
  <testcase name="@AfterMethod tearDown" time="0.0" classname="EncorDashboard.TestScripts.UserAdministration">
    <skipped/>
  </testcase> <!-- @AfterMethod tearDown -->
  <testcase name="@BeforeMethod setUp" time="0.0" classname="EncorDashboard.TestScripts.UserAccess">
    <failure type="java.lang.IllegalStateException" message="The driver executable does not exist: C:\Users\Savan\git\EncorD-Dashboard\Library\chromedriver.exe">
      <![CDATA[java.lang.IllegalStateException: The driver executable does not exist: C:\Users\Savan\git\EncorD-Dashboard\Library\chromedriver.exe
	at com.google.common.base.Preconditions.checkState(Preconditions.java:176)
	at org.openqa.selenium.remote.service.DriverService.checkExecutable(DriverService.java:117)
	at org.openqa.selenium.remote.service.DriverService.findExecutable(DriverService.java:112)
	at org.openqa.selenium.chrome.ChromeDriverService.createDefaultService(ChromeDriverService.java:75)
	at org.openqa.selenium.chrome.ChromeDriver.<init>(ChromeDriver.java:107)
	at EncorDashboard.GlobalLibrary.GlobalFunction.BrowsersSettings(GlobalFunction.java:37)
	at EncorDashboard.TestScripts.UserAccess.setUp(UserAccess.java:18)
... Removed 26 stack frames]]>
    </failure>
  </testcase> <!-- @BeforeMethod setUp -->
  <testcase name="@AfterMethod tearDown" time="0.0" classname="EncorDashboard.TestScripts.UserAccess">
    <skipped/>
  </testcase> <!-- @AfterMethod tearDown -->
  <testcase name="@BeforeMethod setUp" time="0.0" classname="EncorDashboard.TestScripts.ExportFile">
    <failure type="java.lang.IllegalStateException" message="The driver executable does not exist: C:\Users\Savan\git\EncorD-Dashboard\Library\chromedriver.exe">
      <![CDATA[java.lang.IllegalStateException: The driver executable does not exist: C:\Users\Savan\git\EncorD-Dashboard\Library\chromedriver.exe
	at com.google.common.base.Preconditions.checkState(Preconditions.java:176)
	at org.openqa.selenium.remote.service.DriverService.checkExecutable(DriverService.java:117)
	at org.openqa.selenium.remote.service.DriverService.findExecutable(DriverService.java:112)
	at org.openqa.selenium.chrome.ChromeDriverService.createDefaultService(ChromeDriverService.java:75)
	at org.openqa.selenium.chrome.ChromeDriver.<init>(ChromeDriver.java:107)
	at EncorDashboard.GlobalLibrary.GlobalFunction.BrowsersSettings(GlobalFunction.java:37)
	at EncorDashboard.TestScripts.ExportFile.setUp(ExportFile.java:24)
... Removed 26 stack frames]]>
    </failure>
  </testcase> <!-- @BeforeMethod setUp -->
  <testcase name="@AfterMethod tearDown" time="0.0" classname="EncorDashboard.TestScripts.ExportFile">
    <skipped/>
  </testcase> <!-- @AfterMethod tearDown -->
  <testcase name="AddDashboard" time="0.0" classname="EncorDashboard.TestScripts.AddDashboard">
    <skipped/>
  </testcase> <!-- AddDashboard -->
  <testcase name="AddDashboard" time="0.01" classname="EncorDashboard.TestScripts.AddDashboard">
    <skipped/>
  </testcase> <!-- AddDashboard -->
  <testcase name="AddDashboard" time="0.0" classname="EncorDashboard.TestScripts.AddDashboard">
    <skipped/>
  </testcase> <!-- AddDashboard -->
  <testcase name="AddDashboard" time="0.0" classname="EncorDashboard.TestScripts.AddDashboard">
    <skipped/>
  </testcase> <!-- AddDashboard -->
  <testcase name="AddDashboard" time="0.0" classname="EncorDashboard.TestScripts.AddDashboard">
    <skipped/>
  </testcase> <!-- AddDashboard -->
  <testcase name="ChangeDashboard" time="0.0" classname="EncorDashboard.TestScripts.ChangeDashboard">
    <skipped/>
  </testcase> <!-- ChangeDashboard -->
  <testcase name="SaveView" time="0.0" classname="EncorDashboard.TestScripts.SaveCurrentView">
    <skipped/>
  </testcase> <!-- SaveView -->
  <testcase name="SetResetDashboard" time="0.0" classname="EncorDashboard.TestScripts.SetResetDashboard">
    <skipped/>
  </testcase> <!-- SetResetDashboard -->
  <testcase name="UserAdministration" time="0.0" classname="EncorDashboard.TestScripts.UserAdministration">
    <skipped/>
  </testcase> <!-- UserAdministration -->
  <testcase name="UserAccess" time="0.0" classname="EncorDashboard.TestScripts.UserAccess">
    <skipped/>
  </testcase> <!-- UserAccess -->
  <testcase name="ExportDashboard" time="0.002" classname="EncorDashboard.TestScripts.ExportFile">
    <skipped/>
  </testcase> <!-- ExportDashboard -->
</testsuite> <!-- EncorDashboard.TestScripts -->
